<?xml version="1.0" encoding="UTF-8"?>
<coverage generated="1779190041837" clover="3.2.0">
  <project timestamp="1779190041837" name="All files">
    <metrics statements="12" coveredstatements="12" conditionals="0" coveredconditionals="0" methods="2" coveredmethods="2" elements="14" coveredelements="14" complexity="0" loc="12" ncloc="12" packages="1" files="1" classes="1"/>
    <file name="popover.js" path="C:\Users\EK\Desktop\forms\src\js\popover.js">
      <metrics statements="12" coveredstatements="12" conditionals="0" coveredconditionals="0" methods="2" coveredmethods="2"/>
      <line num="2" count="4" type="stmt"/>
      <line num="3" count="4" type="stmt"/>
      <line num="5" count="4" type="stmt"/>
      <line num="6" count="5" type="stmt"/>
      <line num="8" count="5" type="stmt"/>
      <line num="9" count="5" type="stmt"/>
      <line num="11" count="5" type="stmt"/>
      <line num="12" count="5" type="stmt"/>
      <line num="14" count="5" type="stmt"/>
      <line num="15" count="5" type="stmt"/>
      <line num="17" count="5" type="stmt"/>
      <line num="18" count="5" type="stmt"/>
    </file>
  </project>
</coverage>
