{"C:\\Users\\EK\\Desktop\\forms\\src\\js\\popover.js": {"path":"C:\\Users\\EK\\Desktop\\forms\\src\\js\\popover.js","statementMap":{"0":{"start":{"line":2,"column":12},"end":{"line":2,"column":53}},"1":{"start":{"line":3,"column":16},"end":{"line":3,"column":50}},"2":{"start":{"line":5,"column":0},"end":{"line":19,"column":3}},"3":{"start":{"line":6,"column":2},"end":{"line":6,"column":37}},"4":{"start":{"line":8,"column":18},"end":{"line":8,"column":45}},"5":{"start":{"line":9,"column":18},"end":{"line":9,"column":49}},"6":{"start":{"line":11,"column":14},"end":{"line":11,"column":46}},"7":{"start":{"line":12,"column":15},"end":{"line":12,"column":71}},"8":{"start":{"line":14,"column":2},"end":{"line":14,"column":33}},"9":{"start":{"line":15,"column":2},"end":{"line":15,"column":35}},"10":{"start":{"line":17,"column":22},"end":{"line":17,"column":44}},"11":{"start":{"line":18,"column":4},"end":{"line":18,"column":64}}},"fnMap":{"0":{"name":"initPopover","decl":{"start":{"line":1,"column":16},"end":{"line":1,"column":27}},"loc":{"start":{"line":1,"column":30},"end":{"line":21,"column":1}},"line":1},"1":{"name":"(anonymous_1)","decl":{"start":{"line":5,"column":30},"end":{"line":5,"column":31}},"loc":{"start":{"line":5,"column":36},"end":{"line":19,"column":1}},"line":5}},"branchMap":{},"s":{"0":4,"1":4,"2":4,"3":5,"4":5,"5":5,"6":5,"7":5,"8":5,"9":5,"10":5,"11":5},"f":{"0":4,"1":5},"b":{},"inputSourceMap":null,"_coverageSchema":"1a1c01bbd47fc00a2c39e90264f33305004495a9","hash":"5ab003062fbc98fe8cfd3ec048506665cac2b3cc"}
}
